c:\users\mcheat\desktop\bdkpex-main\bobbydataptr2\x64\release\vc143.pdb
c:\users\mcheat\desktop\bdkpex-main\bobbydataptr2\x64\release\utilities.obj
c:\users\mcheat\desktop\bdkpex-main\bobbydataptr2\x64\release\process.obj
c:\users\mcheat\desktop\bdkpex-main\bobbydataptr2\x64\release\physicalmemory.obj
c:\users\mcheat\desktop\bdkpex-main\bobbydataptr2\x64\release\overlay.obj
c:\users\mcheat\desktop\bdkpex-main\bobbydataptr2\x64\release\memory.obj
c:\users\mcheat\desktop\bdkpex-main\bobbydataptr2\x64\release\main.obj
c:\users\mcheat\desktop\bdkpex-main\bobbydataptr2\x64\release\hide.obj
c:\users\mcheat\desktop\bdkpex-main\bobbydataptr2\x64\release\bobbydataptr2.sys
c:\users\mcheat\desktop\bdkpex-main\bobbydataptr2\x64\release\bobbydataptr2.pdb
c:\users\mcheat\desktop\bdkpex-main\bobbydataptr2\x64\release\bobbydataptr2.map
c:\users\mcheat\desktop\bdkpex-main\bobbydataptr2\x64\release\bobbydataptr2.inf
c:\users\mcheat\desktop\bdkpex-main\bobbydataptr2\x64\release\bobbydataptr2.tlog\cl.command.1.tlog
c:\users\mcheat\desktop\bdkpex-main\bobbydataptr2\x64\release\bobbydataptr2.tlog\cl.items.tlog
c:\users\mcheat\desktop\bdkpex-main\bobbydataptr2\x64\release\bobbydataptr2.tlog\cl.read.1.tlog
c:\users\mcheat\desktop\bdkpex-main\bobbydataptr2\x64\release\bobbydataptr2.tlog\cl.write.1.tlog
c:\users\mcheat\desktop\bdkpex-main\bobbydataptr2\x64\release\bobbydataptr2.tlog\link.command.1.tlog
c:\users\mcheat\desktop\bdkpex-main\bobbydataptr2\x64\release\bobbydataptr2.tlog\link.read.1.tlog
c:\users\mcheat\desktop\bdkpex-main\bobbydataptr2\x64\release\bobbydataptr2.tlog\link.secondary.1.tlog
c:\users\mcheat\desktop\bdkpex-main\bobbydataptr2\x64\release\bobbydataptr2.tlog\link.write.1.tlog
c:\users\mcheat\desktop\bdkpex-main\bobbydataptr2\x64\release\bobbydataptr2.tlog\stampinf.command.1.tlog
c:\users\mcheat\desktop\bdkpex-main\bobbydataptr2\x64\release\bobbydataptr2.tlog\stampinf.read.1.tlog
c:\users\mcheat\desktop\bdkpex-main\bobbydataptr2\x64\release\bobbydataptr2.tlog\stampinf.write.1.tlog
